<?xml version="1.0" encoding="UTF-8"?>
<testng-results ignored="0" total="1" passed="1" failed="0" skipped="0">
  <reporter-output>
  </reporter-output>
  <suite started-at="2025-09-03T13:54:30 EEST" name="Default suite" finished-at="2025-09-03T13:54:45 EEST" duration-ms="14918">
    <groups>
    </groups>
    <test started-at="2025-09-03T13:54:30 EEST" name="Default test" finished-at="2025-09-03T13:54:45 EEST" duration-ms="14918">
      <class name="testcases.EbaySearchTest">
        <test-method is-config="true" signature="setUp()[pri:0, instance:testcases.EbaySearchTest@5e5073ab]" started-at="2025-09-03T13:54:30 EEST" name="setUp" finished-at="2025-09-03T13:54:33 EEST" duration-ms="3611" status="PASS">
          <reporter-output>
          </reporter-output>
        </test-method> <!-- setUp -->
        <test-method signature="search_filter_count(java.lang.String,java.lang.String,java.lang.String,java.lang.String)[pri:0, instance:testcases.EbaySearchTest@5e5073ab]" started-at="2025-09-03T13:54:34 EEST" name="search_filter_count" description="Search Mazda MX-5 and filter Transmission Manual" data-provider="ebayData" finished-at="2025-09-03T13:54:43 EEST" duration-ms="9339" status="PASS">
          <params>
            <param index="0">
              <value>
                <![CDATA[https://www.ebay.com/]]>
              </value>
            </param>
            <param index="1">
              <value>
                <![CDATA[mazda mx-5]]>
              </value>
            </param>
            <param index="2">
              <value>
                <![CDATA[Transmission]]>
              </value>
            </param>
            <param index="3">
              <value>
                <![CDATA[Manual]]>
              </value>
            </param>
          </params>
          <reporter-output>
          </reporter-output>
        </test-method> <!-- search_filter_count -->
        <test-method is-config="true" signature="tearDown()[pri:0, instance:testcases.EbaySearchTest@5e5073ab]" started-at="2025-09-03T13:54:44 EEST" name="tearDown" finished-at="2025-09-03T13:54:45 EEST" duration-ms="951" status="PASS">
          <reporter-output>
          </reporter-output>
        </test-method> <!-- tearDown -->
      </class> <!-- testcases.EbaySearchTest -->
    </test> <!-- Default test -->
  </suite> <!-- Default suite -->
</testng-results>
